#-----------------------------------------------------------
# Vivado v2021.1 (64-bit)
# SW Build 3247384 on Thu Jun 10 19:36:33 MDT 2021
# IP Build 3246043 on Fri Jun 11 00:30:35 MDT 2021
# Start of session at: Fri Nov 10 22:43:43 2023
# Process ID: 9836
# Current directory: C:/Users/gagan/OneDrive/Desktop/career/Core Job/Projects/i2C protocol/i2C_Protocol_1.1
# Command line: vivado.exe -gui_launcher_event rodinguilauncherevent2456 C:\Users\gagan\OneDrive\Desktop\career\Core Job\Projects\i2C protocol\i2C_Protocol_1.1\i2C_Protocol_1.1.xpr
# Log file: C:/Users/gagan/OneDrive/Desktop/career/Core Job/Projects/i2C protocol/i2C_Protocol_1.1/vivado.log
# Journal file: C:/Users/gagan/OneDrive/Desktop/career/Core Job/Projects/i2C protocol/i2C_Protocol_1.1\vivado.jou
#-----------------------------------------------------------
start_gui
open_project {C:/Users/gagan/OneDrive/Desktop/career/Core Job/Projects/i2C protocol/i2C_Protocol_1.1/i2C_Protocol_1.1.xpr}
INFO: [ProjectBase 1-489] The host OS only allows 260 characters in a normal path. The project is stored in a path with more than 80 characters. If you experience issues with IP, Block Designs, or files not being found, please consider moving the project to a location with a shorter path. Alternately consider using the OS subst command to map part of the path to a drive letter.
Current project path is 'C:/Users/gagan/OneDrive/Desktop/career/Core Job/Projects/i2C protocol/i2C_Protocol_1.1'
INFO: [Project 1-313] Project file moved from 'C:/Users/gagan/OneDrive/Desktop/i2C protocol/i2C_Protocol_1.1' since last save.
WARNING: [filemgmt 56-2] Default IP Output Path : Could not find the directory 'C:/Users/gagan/OneDrive/Desktop/career/Core Job/Projects/i2C protocol/i2C_Protocol_1.1/i2C_Protocol_1.1.gen/sources_1', nor could it be found using path 'C:/Users/gagan/OneDrive/Desktop/i2C protocol/i2C_Protocol_1.1/i2C_Protocol_1.1.gen/sources_1'.
Scanning sources...
Finished scanning sources
INFO: [IP_Flow 19-234] Refreshing IP repositories
INFO: [IP_Flow 19-1704] No user IP repositories specified
INFO: [IP_Flow 19-2313] Loaded Vivado IP repository 'D:/Vivado/Vivado/2021.1/data/ip'.
open_project: Time (s): cpu = 00:00:08 ; elapsed = 00:00:12 . Memory (MB): peak = 1256.977 ; gain = 0.000
update_compile_order -fileset sources_1
exit
INFO: [Common 17-206] Exiting Vivado at Fri Nov 10 22:44:42 2023...
